<?xml version="1.0" encoding="UTF-8"?>
<!-- Generated by org.testng.reporters.JUnitReportReporter -->
<testsuite hostname="LTIN509456" failures="0" tests="3" name="testRunner.TestRunner" time="85.615" errors="0" timestamp="2024-04-17T15:27:25 IST" skipped="0">
  <testcase classname="testRunner.TestRunner" name="runScenario" time="18.683"/>
  <testcase classname="testRunner.TestRunner" name="runScenario" time="52.184"/>
  <testcase classname="testRunner.TestRunner" name="runScenario" time="14.748"/>
</testsuite> <!-- testRunner.TestRunner -->
