<?xml version="1.0" encoding="UTF-8"?>
<!-- Generated by org.testng.reporters.JUnitReportReporter -->
<testsuite hostname="LTIN509456" failures="0" tests="4" name="testScenario.TC_003_GiftPage" time="11.574" errors="0" timestamp="2024-04-15T14:23:25 IST" skipped="0">
  <testcase classname="testScenario.TC_003_GiftPage" name="ClickonGift" time="1.405"/>
  <testcase classname="testScenario.TC_003_GiftPage" name="ClickonGift" time="1.826"/>
  <testcase classname="testScenario.TC_003_GiftPage" name="filldetails" time="4.590"/>
  <testcase classname="testScenario.TC_003_GiftPage" name="filldetails" time="3.753"/>
</testsuite> <!-- testScenario.TC_003_GiftPage -->
