<?xml version="1.0" encoding="UTF-8"?>
<!-- Generated by org.testng.reporters.JUnitReportReporter -->
<testsuite hostname="LTIN509456" failures="0" tests="3" name="testRunner.TestRunner" time="77.787" errors="0" timestamp="2024-04-16T20:33:01 IST" skipped="0">
  <testcase classname="testRunner.TestRunner" name="runScenario" time="14.366"/>
  <testcase classname="testRunner.TestRunner" name="runScenario" time="51.896"/>
  <testcase classname="testRunner.TestRunner" name="runScenario" time="11.525"/>
</testsuite> <!-- testRunner.TestRunner -->
