<?xml version="1.0" encoding="UTF-8"?>
<!-- Generated by org.testng.reporters.JUnitReportReporter -->
<testsuite hostname="LTIN509456" failures="0" tests="4" name="testScenario.TC_002_CruisePage" time="6.143" errors="0" timestamp="2024-04-15T14:23:25 IST" skipped="0">
  <testcase classname="testScenario.TC_002_CruisePage" name="clickoncruise" time="3.080"/>
  <testcase classname="testScenario.TC_002_CruisePage" name="clickoncruise" time="2.477"/>
  <testcase classname="testScenario.TC_002_CruisePage" name="printallInclusion" time="0.274"/>
  <testcase classname="testScenario.TC_002_CruisePage" name="printallInclusion" time="0.312"/>
</testsuite> <!-- testScenario.TC_002_CruisePage -->
