<?xml version="1.0" encoding="UTF-8"?>
<!-- Generated by org.testng.reporters.JUnitReportReporter -->
<testsuite hostname="LTIN509456" failures="0" tests="3" name="testRunner.TestRunner" time="78.992" errors="0" timestamp="2024-04-18T20:35:45 IST" skipped="0">
  <testcase classname="testRunner.TestRunner" name="runScenario" time="50.126"/>
  <testcase classname="testRunner.TestRunner" name="runScenario" time="12.649"/>
  <testcase classname="testRunner.TestRunner" name="runScenario" time="16.217"/>
</testsuite> <!-- testRunner.TestRunner -->
