<?xml version="1.0" encoding="UTF-8"?>
<!-- Generated by org.testng.reporters.JUnitReportReporter -->
<testsuite hostname="LTIN509456" failures="0" tests="3" name="testRunner.TestRunner" time="76.097" errors="0" timestamp="2024-04-16T22:28:56 IST" skipped="0">
  <testcase classname="testRunner.TestRunner" name="runScenario" time="12.549"/>
  <testcase classname="testRunner.TestRunner" name="runScenario" time="48.130"/>
  <testcase classname="testRunner.TestRunner" name="runScenario" time="15.418"/>
</testsuite> <!-- testRunner.TestRunner -->
