<?xml version="1.0" encoding="UTF-8"?>
<!-- Generated by org.testng.reporters.JUnitReportReporter -->
<testsuite hostname="LTIN509456" failures="0" tests="2" name="testScenario.TC_003_GiftPage" time="5.949" errors="0" timestamp="2024-04-16T22:06:22 IST" skipped="0">
  <testcase classname="testScenario.TC_003_GiftPage" name="ClickonGift" time="1.381"/>
  <testcase classname="testScenario.TC_003_GiftPage" name="filldetails" time="4.568"/>
</testsuite> <!-- testScenario.TC_003_GiftPage -->
