<?xml version="1.0" encoding="UTF-8"?>
<!-- Generated by org.testng.reporters.JUnitReportReporter -->
<testsuite hostname="LTIN509456" failures="0" tests="2" name="testScenario.TC_003_GiftPage" time="5.791" errors="0" timestamp="2024-04-15T14:18:15 IST" skipped="0">
  <testcase classname="testScenario.TC_003_GiftPage" name="ClickonGift" time="1.895"/>
  <testcase classname="testScenario.TC_003_GiftPage" name="filldetails" time="3.896"/>
</testsuite> <!-- testScenario.TC_003_GiftPage -->
