<?xml version="1.0" encoding="UTF-8"?>
<!-- Generated by org.testng.reporters.JUnitReportReporter -->
<testsuite hostname="LTIN509456" failures="0" tests="4" name="testScenario.TC_001_HotelSearchPage" time="32.753" errors="0" timestamp="2024-04-15T14:18:15 IST" skipped="0">
  <testcase classname="testScenario.TC_001_HotelSearchPage" name="clickonHotel" time="0.154"/>
  <testcase classname="testScenario.TC_001_HotelSearchPage" name="selectHotel" time="10.328"/>
  <testcase classname="testScenario.TC_001_HotelSearchPage" name="selectallaminites" time="15.019"/>
  <testcase classname="testScenario.TC_001_HotelSearchPage" name="displayhotels" time="7.252"/>
</testsuite> <!-- testScenario.TC_001_HotelSearchPage -->
