<?xml version="1.0" encoding="UTF-8"?>
<!-- Generated by org.testng.reporters.JUnitReportReporter -->
<testsuite hostname="LTIN509456" failures="0" tests="2" name="testScenario.TC_002_CruisePage" time="8.509" errors="0" timestamp="2024-04-16T22:06:22 IST" skipped="0">
  <testcase classname="testScenario.TC_002_CruisePage" name="clickoncruise" time="8.363"/>
  <testcase classname="testScenario.TC_002_CruisePage" name="printallInclusion" time="0.146"/>
</testsuite> <!-- testScenario.TC_002_CruisePage -->
