<?xml version="1.0" encoding="UTF-8"?>
<!-- Generated by org.testng.reporters.JUnitReportReporter -->
<testsuite hostname="LTIN509456" failures="0" tests="4" name="testScenario.TC_001_HotelSearchPage" time="27.930" errors="0" timestamp="2024-04-16T22:06:22 IST" skipped="0">
  <testcase classname="testScenario.TC_001_HotelSearchPage" name="clickonHotel" time="0.337"/>
  <testcase classname="testScenario.TC_001_HotelSearchPage" name="selectHotel" time="6.807"/>
  <testcase classname="testScenario.TC_001_HotelSearchPage" name="selectallaminites" time="13.689"/>
  <testcase classname="testScenario.TC_001_HotelSearchPage" name="displayhotels" time="7.097"/>
</testsuite> <!-- testScenario.TC_001_HotelSearchPage -->
