<?xml version="1.0" encoding="UTF-8"?>
<!-- Generated by org.testng.reporters.JUnitReportReporter -->
<testsuite hostname="LTIN509456" failures="0" tests="3" name="testRunner.TestRunner" time="107.752" errors="0" timestamp="2024-04-18T15:02:50 IST" skipped="0">
  <testcase classname="testRunner.TestRunner" name="runScenario" time="59.041"/>
  <testcase classname="testRunner.TestRunner" name="runScenario" time="27.218"/>
  <testcase classname="testRunner.TestRunner" name="runScenario" time="21.493"/>
</testsuite> <!-- testRunner.TestRunner -->
